[error] Failed to fetch Firebase Project from Studio Workspace because WORKSPACE_SLUG environment variable is empty
[error] Failed to fetch Firebase Project from Studio Workspace because WORKSPACE_SLUG environment variable is empty
[debug] [2025-09-26T05:19:36.411Z] Checked if tokens are valid: false, expires at: 1758861846479
[debug] [2025-09-26T05:19:36.412Z] Checked if tokens are valid: false, expires at: 1758861846479
[debug] [2025-09-26T05:19:36.412Z] > refreshing access token with scopes: []
[debug] [2025-09-26T05:19:36.414Z] >>> [apiv2][query] POST https://www.googleapis.com/oauth2/v3/token [none]
[debug] [2025-09-26T05:19:36.414Z] >>> [apiv2][body] POST https://www.googleapis.com/oauth2/v3/token [omitted]
[debug] [2025-09-26T05:19:36.452Z] Checked if tokens are valid: false, expires at: 1758861846479
[debug] [2025-09-26T05:19:36.453Z] Checked if tokens are valid: false, expires at: 1758861846479
[debug] [2025-09-26T05:19:36.453Z] > refreshing access token with scopes: []
[debug] [2025-09-26T05:19:36.453Z] >>> [apiv2][query] POST https://www.googleapis.com/oauth2/v3/token [none]
[debug] [2025-09-26T05:19:36.454Z] >>> [apiv2][body] POST https://www.googleapis.com/oauth2/v3/token [omitted]
[debug] [2025-09-26T05:19:36.456Z] Checked if tokens are valid: false, expires at: 1758861846479
[debug] [2025-09-26T05:19:36.456Z] Checked if tokens are valid: false, expires at: 1758861846479
[debug] [2025-09-26T05:19:36.456Z] > refreshing access token with scopes: []
[debug] [2025-09-26T05:19:36.457Z] >>> [apiv2][query] POST https://www.googleapis.com/oauth2/v3/token [none]
[debug] [2025-09-26T05:19:36.457Z] >>> [apiv2][body] POST https://www.googleapis.com/oauth2/v3/token [omitted]
[debug] [2025-09-26T05:19:36.459Z] Checked if tokens are valid: false, expires at: 1758861846479
[debug] [2025-09-26T05:19:36.459Z] Checked if tokens are valid: false, expires at: 1758861846479
[debug] [2025-09-26T05:19:36.459Z] > refreshing access token with scopes: []
[debug] [2025-09-26T05:19:36.459Z] >>> [apiv2][query] POST https://www.googleapis.com/oauth2/v3/token [none]
[debug] [2025-09-26T05:19:36.459Z] >>> [apiv2][body] POST https://www.googleapis.com/oauth2/v3/token [omitted]
[debug] [2025-09-26T05:19:36.460Z] Checked if tokens are valid: false, expires at: 1758861846479
[debug] [2025-09-26T05:19:36.461Z] Checked if tokens are valid: false, expires at: 1758861846479
[debug] [2025-09-26T05:19:36.461Z] > refreshing access token with scopes: []
[debug] [2025-09-26T05:19:36.461Z] >>> [apiv2][query] POST https://www.googleapis.com/oauth2/v3/token [none]
[debug] [2025-09-26T05:19:36.461Z] >>> [apiv2][body] POST https://www.googleapis.com/oauth2/v3/token [omitted]
[error] Failed to fetch Firebase Project from Studio Workspace because WORKSPACE_SLUG environment variable is empty
[error] Failed to fetch Firebase Project from Studio Workspace because WORKSPACE_SLUG environment variable is empty
[debug] [2025-09-26T05:19:36.493Z] Checked if tokens are valid: false, expires at: 1758861846479
[debug] [2025-09-26T05:19:36.493Z] Checked if tokens are valid: false, expires at: 1758861846479
[debug] [2025-09-26T05:19:36.493Z] > refreshing access token with scopes: []
[debug] [2025-09-26T05:19:36.493Z] >>> [apiv2][query] POST https://www.googleapis.com/oauth2/v3/token [none]
[debug] [2025-09-26T05:19:36.493Z] >>> [apiv2][body] POST https://www.googleapis.com/oauth2/v3/token [omitted]
[debug] [2025-09-26T05:19:36.495Z] Checked if tokens are valid: false, expires at: 1758861846479
[debug] [2025-09-26T05:19:36.495Z] Checked if tokens are valid: false, expires at: 1758861846479
[debug] [2025-09-26T05:19:36.495Z] > refreshing access token with scopes: []
[debug] [2025-09-26T05:19:36.495Z] >>> [apiv2][query] POST https://www.googleapis.com/oauth2/v3/token [none]
[debug] [2025-09-26T05:19:36.496Z] >>> [apiv2][body] POST https://www.googleapis.com/oauth2/v3/token [omitted]
[debug] [2025-09-26T05:19:36.497Z] Checked if tokens are valid: false, expires at: 1758861846479
[debug] [2025-09-26T05:19:36.497Z] Checked if tokens are valid: false, expires at: 1758861846479
[debug] [2025-09-26T05:19:36.497Z] > refreshing access token with scopes: []
[debug] [2025-09-26T05:19:36.498Z] >>> [apiv2][query] POST https://www.googleapis.com/oauth2/v3/token [none]
[debug] [2025-09-26T05:19:36.498Z] >>> [apiv2][body] POST https://www.googleapis.com/oauth2/v3/token [omitted]
[debug] [2025-09-26T05:19:36.499Z] Checked if tokens are valid: false, expires at: 1758861846479
[debug] [2025-09-26T05:19:36.499Z] Checked if tokens are valid: false, expires at: 1758861846479
[debug] [2025-09-26T05:19:36.499Z] > refreshing access token with scopes: []
[debug] [2025-09-26T05:19:36.499Z] >>> [apiv2][query] POST https://www.googleapis.com/oauth2/v3/token [none]
[debug] [2025-09-26T05:19:36.499Z] >>> [apiv2][body] POST https://www.googleapis.com/oauth2/v3/token [omitted]
[debug] [2025-09-26T05:19:36.501Z] Checked if tokens are valid: false, expires at: 1758861846479
[debug] [2025-09-26T05:19:36.501Z] Checked if tokens are valid: false, expires at: 1758861846479
[debug] [2025-09-26T05:19:36.501Z] > refreshing access token with scopes: []
[debug] [2025-09-26T05:19:36.501Z] >>> [apiv2][query] POST https://www.googleapis.com/oauth2/v3/token [none]
[debug] [2025-09-26T05:19:36.501Z] >>> [apiv2][body] POST https://www.googleapis.com/oauth2/v3/token [omitted]
[debug] [2025-09-26T05:19:36.550Z] <<< [apiv2][status] POST https://www.googleapis.com/oauth2/v3/token 200
[debug] [2025-09-26T05:19:36.550Z] <<< [apiv2][body] POST https://www.googleapis.com/oauth2/v3/token [omitted]
[debug] [2025-09-26T05:19:36.566Z] >>> [apiv2][query] GET https://serviceusage.googleapis.com/v1/projects/sinergia-ia-app/services/firebaseio.com [none]
[debug] [2025-09-26T05:19:36.566Z] >>> [apiv2][(partial)header] GET https://serviceusage.googleapis.com/v1/projects/sinergia-ia-app/services/firebaseio.com x-goog-quota-user=projects/sinergia-ia-app
[debug] [2025-09-26T05:19:36.571Z] <<< [apiv2][status] POST https://www.googleapis.com/oauth2/v3/token 200
[debug] [2025-09-26T05:19:36.571Z] <<< [apiv2][body] POST https://www.googleapis.com/oauth2/v3/token [omitted]
[debug] [2025-09-26T05:19:36.584Z] >>> [apiv2][query] GET https://serviceusage.googleapis.com/v1/projects/sinergia-ia-app/services/firebasecrashlytics.googleapis.com [none]
[debug] [2025-09-26T05:19:36.584Z] >>> [apiv2][(partial)header] GET https://serviceusage.googleapis.com/v1/projects/sinergia-ia-app/services/firebasecrashlytics.googleapis.com x-goog-quota-user=projects/sinergia-ia-app
[debug] [2025-09-26T05:19:36.589Z] <<< [apiv2][status] POST https://www.googleapis.com/oauth2/v3/token 200
[debug] [2025-09-26T05:19:36.589Z] <<< [apiv2][body] POST https://www.googleapis.com/oauth2/v3/token [omitted]
[debug] [2025-09-26T05:19:36.601Z] >>> [apiv2][query] GET https://serviceusage.googleapis.com/v1/projects/sinergia-ia-app/services/firebaseapphosting.googleapis.com [none]
[debug] [2025-09-26T05:19:36.601Z] >>> [apiv2][(partial)header] GET https://serviceusage.googleapis.com/v1/projects/sinergia-ia-app/services/firebaseapphosting.googleapis.com x-goog-quota-user=projects/sinergia-ia-app
[debug] [2025-09-26T05:19:36.613Z] <<< [apiv2][status] POST https://www.googleapis.com/oauth2/v3/token 200
[debug] [2025-09-26T05:19:36.613Z] <<< [apiv2][body] POST https://www.googleapis.com/oauth2/v3/token [omitted]
[debug] [2025-09-26T05:19:36.625Z] >>> [apiv2][query] GET https://serviceusage.googleapis.com/v1/projects/sinergia-ia-app/services/firebasedataconnect.googleapis.com [none]
[debug] [2025-09-26T05:19:36.625Z] >>> [apiv2][(partial)header] GET https://serviceusage.googleapis.com/v1/projects/sinergia-ia-app/services/firebasedataconnect.googleapis.com x-goog-quota-user=projects/sinergia-ia-app
[debug] [2025-09-26T05:19:36.627Z] <<< [apiv2][status] POST https://www.googleapis.com/oauth2/v3/token 200
[debug] [2025-09-26T05:19:36.627Z] <<< [apiv2][body] POST https://www.googleapis.com/oauth2/v3/token [omitted]
[debug] [2025-09-26T05:19:36.639Z] >>> [apiv2][query] GET https://serviceusage.googleapis.com/v1/projects/sinergia-ia-app/services/firebasedataconnect.googleapis.com [none]
[debug] [2025-09-26T05:19:36.639Z] >>> [apiv2][(partial)header] GET https://serviceusage.googleapis.com/v1/projects/sinergia-ia-app/services/firebasedataconnect.googleapis.com x-goog-quota-user=projects/sinergia-ia-app
[debug] [2025-09-26T05:19:36.641Z] <<< [apiv2][status] POST https://www.googleapis.com/oauth2/v3/token 200
[debug] [2025-09-26T05:19:36.641Z] <<< [apiv2][body] POST https://www.googleapis.com/oauth2/v3/token [omitted]
[debug] [2025-09-26T05:19:36.653Z] >>> [apiv2][query] GET https://serviceusage.googleapis.com/v1/projects/sinergia-ia-app/services/ [none]
[debug] [2025-09-26T05:19:36.653Z] >>> [apiv2][(partial)header] GET https://serviceusage.googleapis.com/v1/projects/sinergia-ia-app/services/ x-goog-quota-user=projects/sinergia-ia-app
[debug] [2025-09-26T05:19:36.660Z] <<< [apiv2][status] POST https://www.googleapis.com/oauth2/v3/token 200
[debug] [2025-09-26T05:19:36.660Z] <<< [apiv2][body] POST https://www.googleapis.com/oauth2/v3/token [omitted]
[debug] [2025-09-26T05:19:36.672Z] >>> [apiv2][query] GET https://serviceusage.googleapis.com/v1/projects/sinergia-ia-app/services/ [none]
[debug] [2025-09-26T05:19:36.672Z] >>> [apiv2][(partial)header] GET https://serviceusage.googleapis.com/v1/projects/sinergia-ia-app/services/ x-goog-quota-user=projects/sinergia-ia-app
[debug] [2025-09-26T05:19:36.674Z] <<< [apiv2][status] POST https://www.googleapis.com/oauth2/v3/token 200
[debug] [2025-09-26T05:19:36.674Z] <<< [apiv2][body] POST https://www.googleapis.com/oauth2/v3/token [omitted]
[debug] [2025-09-26T05:19:36.686Z] >>> [apiv2][query] GET https://serviceusage.googleapis.com/v1/projects/sinergia-ia-app/services/firebasecrashlytics.googleapis.com [none]
[debug] [2025-09-26T05:19:36.686Z] >>> [apiv2][(partial)header] GET https://serviceusage.googleapis.com/v1/projects/sinergia-ia-app/services/firebasecrashlytics.googleapis.com x-goog-quota-user=projects/sinergia-ia-app
[debug] [2025-09-26T05:19:36.690Z] <<< [apiv2][status] POST https://www.googleapis.com/oauth2/v3/token 200
[debug] [2025-09-26T05:19:36.690Z] <<< [apiv2][body] POST https://www.googleapis.com/oauth2/v3/token [omitted]
[debug] [2025-09-26T05:19:36.702Z] >>> [apiv2][query] GET https://serviceusage.googleapis.com/v1/projects/sinergia-ia-app/services/firebaseio.com [none]
[debug] [2025-09-26T05:19:36.702Z] >>> [apiv2][(partial)header] GET https://serviceusage.googleapis.com/v1/projects/sinergia-ia-app/services/firebaseio.com x-goog-quota-user=projects/sinergia-ia-app
[debug] [2025-09-26T05:19:36.716Z] <<< [apiv2][status] POST https://www.googleapis.com/oauth2/v3/token 200
[debug] [2025-09-26T05:19:36.716Z] <<< [apiv2][body] POST https://www.googleapis.com/oauth2/v3/token [omitted]
[debug] [2025-09-26T05:19:36.729Z] >>> [apiv2][query] GET https://serviceusage.googleapis.com/v1/projects/sinergia-ia-app/services/firebaseapphosting.googleapis.com [none]
[debug] [2025-09-26T05:19:36.729Z] >>> [apiv2][(partial)header] GET https://serviceusage.googleapis.com/v1/projects/sinergia-ia-app/services/firebaseapphosting.googleapis.com x-goog-quota-user=projects/sinergia-ia-app
[debug] [2025-09-26T05:19:36.739Z] <<< [apiv2][status] GET https://serviceusage.googleapis.com/v1/projects/sinergia-ia-app/services/firebaseio.com 403
[debug] [2025-09-26T05:19:36.739Z] <<< [apiv2][body] GET https://serviceusage.googleapis.com/v1/projects/sinergia-ia-app/services/firebaseio.com [omitted]
[debug] [2025-09-26T05:19:36.741Z] <<< [apiv2][status] GET https://serviceusage.googleapis.com/v1/projects/sinergia-ia-app/services/firebasecrashlytics.googleapis.com 200
[debug] [2025-09-26T05:19:36.741Z] <<< [apiv2][body] GET https://serviceusage.googleapis.com/v1/projects/sinergia-ia-app/services/firebasecrashlytics.googleapis.com [omitted]
[debug] [2025-09-26T05:19:36.756Z] <<< [apiv2][status] GET https://serviceusage.googleapis.com/v1/projects/sinergia-ia-app/services/firebaseio.com 403
[debug] [2025-09-26T05:19:36.757Z] <<< [apiv2][body] GET https://serviceusage.googleapis.com/v1/projects/sinergia-ia-app/services/firebaseio.com [omitted]
[debug] [2025-09-26T05:19:36.764Z] <<< [apiv2][status] GET https://serviceusage.googleapis.com/v1/projects/sinergia-ia-app/services/firebaseapphosting.googleapis.com 200
[debug] [2025-09-26T05:19:36.764Z] <<< [apiv2][body] GET https://serviceusage.googleapis.com/v1/projects/sinergia-ia-app/services/firebaseapphosting.googleapis.com [omitted]
[debug] [2025-09-26T05:19:37.062Z] <<< [apiv2][status] GET https://serviceusage.googleapis.com/v1/projects/sinergia-ia-app/services/firebaseapphosting.googleapis.com 200
[debug] [2025-09-26T05:19:37.062Z] <<< [apiv2][body] GET https://serviceusage.googleapis.com/v1/projects/sinergia-ia-app/services/firebaseapphosting.googleapis.com [omitted]
[debug] [2025-09-26T05:19:37.064Z] <<< [apiv2][status] GET https://serviceusage.googleapis.com/v1/projects/sinergia-ia-app/services/firebasedataconnect.googleapis.com 200
[debug] [2025-09-26T05:19:37.064Z] <<< [apiv2][body] GET https://serviceusage.googleapis.com/v1/projects/sinergia-ia-app/services/firebasedataconnect.googleapis.com [omitted]
[debug] [2025-09-26T05:19:37.066Z] <<< [apiv2][status] GET https://serviceusage.googleapis.com/v1/projects/sinergia-ia-app/services/firebasecrashlytics.googleapis.com 200
[debug] [2025-09-26T05:19:37.066Z] <<< [apiv2][body] GET https://serviceusage.googleapis.com/v1/projects/sinergia-ia-app/services/firebasecrashlytics.googleapis.com [omitted]
[debug] [2025-09-26T05:19:37.067Z] <<< [apiv2][status] GET https://serviceusage.googleapis.com/v1/projects/sinergia-ia-app/services/firebasedataconnect.googleapis.com 200
[debug] [2025-09-26T05:19:37.067Z] <<< [apiv2][body] GET https://serviceusage.googleapis.com/v1/projects/sinergia-ia-app/services/firebasedataconnect.googleapis.com [omitted]
[debug] [2025-09-26T05:19:37.082Z] <<< [apiv2][status] GET https://serviceusage.googleapis.com/v1/projects/sinergia-ia-app/services/ 200
[debug] [2025-09-26T05:19:37.082Z] <<< [apiv2][body] GET https://serviceusage.googleapis.com/v1/projects/sinergia-ia-app/services/ [omitted]
[error] Failed to fetch Firebase Project from Studio Workspace because WORKSPACE_SLUG environment variable is empty
[error] Failed to fetch Firebase Project from Studio Workspace because WORKSPACE_SLUG environment variable is empty
[debug] [2025-09-26T05:19:37.085Z] > command requires scopes: ["email","openid","https://www.googleapis.com/auth/cloudplatformprojects.readonly","https://www.googleapis.com/auth/firebase","https://www.googleapis.com/auth/cloud-platform","https://www.googleapis.com/auth/userinfo.email"]
[debug] [2025-09-26T05:19:37.085Z] > authorizing via signed-in user (ossamaelkhal@gmail.com)
[debug] [2025-09-26T05:19:37.154Z] <<< [apiv2][status] GET https://serviceusage.googleapis.com/v1/projects/sinergia-ia-app/services/ 200
[debug] [2025-09-26T05:19:37.155Z] <<< [apiv2][body] GET https://serviceusage.googleapis.com/v1/projects/sinergia-ia-app/services/ [omitted]
